Traceback (most recent call last):
  File "/usr/share/miniconda3/envs/cookbook-dev/lib/python3.10/site-packages/jupyter_cache/executors/utils.py", line 51, in single_nb_execution
    executenb(
  File "/usr/share/miniconda3/envs/cookbook-dev/lib/python3.10/site-packages/nbclient/client.py", line 1204, in execute
    return NotebookClient(nb=nb, resources=resources, km=km, **kwargs).execute()
  File "/usr/share/miniconda3/envs/cookbook-dev/lib/python3.10/site-packages/nbclient/util.py", line 84, in wrapped
    return just_run(coro(*args, **kwargs))
  File "/usr/share/miniconda3/envs/cookbook-dev/lib/python3.10/site-packages/nbclient/util.py", line 62, in just_run
    return loop.run_until_complete(coro)
  File "/usr/share/miniconda3/envs/cookbook-dev/lib/python3.10/asyncio/base_events.py", line 649, in run_until_complete
    return future.result()
  File "/usr/share/miniconda3/envs/cookbook-dev/lib/python3.10/site-packages/nbclient/client.py", line 663, in async_execute
    await self.async_execute_cell(
  File "/usr/share/miniconda3/envs/cookbook-dev/lib/python3.10/site-packages/nbclient/client.py", line 965, in async_execute_cell
    await self._check_raise_for_error(cell, cell_index, exec_reply)
  File "/usr/share/miniconda3/envs/cookbook-dev/lib/python3.10/site-packages/nbclient/client.py", line 862, in _check_raise_for_error
    raise CellExecutionError.from_cell_and_msg(cell, exec_reply_content)
nbclient.exceptions.CellExecutionError: An error occurred while executing the following cell:
------------------
import os

import fsspec
import ujson
import xarray as xr
from kerchunk.combine import MultiZarrToZarr
from kerchunk.hdf import SingleHdf5ToZarr
from tqdm import tqdm
------------------

[0;31m---------------------------------------------------------------------------[0m
[0;31mModuleNotFoundError[0m                       Traceback (most recent call last)
Cell [0;32mIn[1], line 5[0m
[1;32m      3[0m [38;5;28;01mimport[39;00m [38;5;21;01mfsspec[39;00m
[1;32m      4[0m [38;5;28;01mimport[39;00m [38;5;21;01mujson[39;00m
[0;32m----> 5[0m [38;5;28;01mimport[39;00m [38;5;21;01mxarray[39;00m [38;5;28;01mas[39;00m [38;5;21;01mxr[39;00m
[1;32m      6[0m [38;5;28;01mfrom[39;00m [38;5;21;01mkerchunk[39;00m[38;5;21;01m.[39;00m[38;5;21;01mcombine[39;00m [38;5;28;01mimport[39;00m MultiZarrToZarr
[1;32m      7[0m [38;5;28;01mfrom[39;00m [38;5;21;01mkerchunk[39;00m[38;5;21;01m.[39;00m[38;5;21;01mhdf[39;00m [38;5;28;01mimport[39;00m SingleHdf5ToZarr

[0;31mModuleNotFoundError[0m: No module named 'xarray'
ModuleNotFoundError: No module named 'xarray'

