Traceback (most recent call last):
  File "/usr/share/miniconda3/envs/kerchunk-cookbook-dev/lib/python3.10/site-packages/jupyter_cache/executors/utils.py", line 51, in single_nb_execution
    executenb(
  File "/usr/share/miniconda3/envs/kerchunk-cookbook-dev/lib/python3.10/site-packages/nbclient/client.py", line 1204, in execute
    return NotebookClient(nb=nb, resources=resources, km=km, **kwargs).execute()
  File "/usr/share/miniconda3/envs/kerchunk-cookbook-dev/lib/python3.10/site-packages/nbclient/util.py", line 84, in wrapped
    return just_run(coro(*args, **kwargs))
  File "/usr/share/miniconda3/envs/kerchunk-cookbook-dev/lib/python3.10/site-packages/nbclient/util.py", line 62, in just_run
    return loop.run_until_complete(coro)
  File "/usr/share/miniconda3/envs/kerchunk-cookbook-dev/lib/python3.10/asyncio/base_events.py", line 649, in run_until_complete
    return future.result()
  File "/usr/share/miniconda3/envs/kerchunk-cookbook-dev/lib/python3.10/site-packages/nbclient/client.py", line 663, in async_execute
    await self.async_execute_cell(
  File "/usr/share/miniconda3/envs/kerchunk-cookbook-dev/lib/python3.10/site-packages/nbclient/client.py", line 965, in async_execute_cell
    await self._check_raise_for_error(cell, cell_index, exec_reply)
  File "/usr/share/miniconda3/envs/kerchunk-cookbook-dev/lib/python3.10/site-packages/nbclient/client.py", line 862, in _check_raise_for_error
    raise CellExecutionError.from_cell_and_msg(cell, exec_reply_content)
nbclient.exceptions.CellExecutionError: An error occurred while executing the following cell:
------------------
# Start parallel computation of `SingleHDF5ToZarr`
dask.compute(tasks)
------------------

[0;31m---------------------------------------------------------------------------[0m
[0;31mFileNotFoundError[0m                         Traceback (most recent call last)
Cell [0;32mIn[6], line 2[0m
[1;32m      1[0m [38;5;66;03m# Start parallel computation of `SingleHDF5ToZarr`[39;00m
[0;32m----> 2[0m [43mdask[49m[38;5;241;43m.[39;49m[43mcompute[49m[43m([49m[43mtasks[49m[43m)[49m

File [0;32m/usr/share/miniconda3/envs/kerchunk-cookbook-dev/lib/python3.10/site-packages/dask/base.py:599[0m, in [0;36mcompute[0;34m(traverse, optimize_graph, scheduler, get, *args, **kwargs)[0m
[1;32m    596[0m     keys[38;5;241m.[39mappend(x[38;5;241m.[39m__dask_keys__())
[1;32m    597[0m     postcomputes[38;5;241m.[39mappend(x[38;5;241m.[39m__dask_postcompute__())
[0;32m--> 599[0m results [38;5;241m=[39m [43mschedule[49m[43m([49m[43mdsk[49m[43m,[49m[43m [49m[43mkeys[49m[43m,[49m[43m [49m[38;5;241;43m*[39;49m[38;5;241;43m*[39;49m[43mkwargs[49m[43m)[49m
[1;32m    600[0m [38;5;28;01mreturn[39;00m repack([f(r, [38;5;241m*[39ma) [38;5;28;01mfor[39;00m r, (f, a) [38;5;129;01min[39;00m [38;5;28mzip[39m(results, postcomputes)])

File [0;32m/usr/share/miniconda3/envs/kerchunk-cookbook-dev/lib/python3.10/site-packages/distributed/client.py:3137[0m, in [0;36mClient.get[0;34m(self, dsk, keys, workers, allow_other_workers, resources, sync, asynchronous, direct, retries, priority, fifo_timeout, actors, **kwargs)[0m
[1;32m   3135[0m         should_rejoin [38;5;241m=[39m [38;5;28;01mFalse[39;00m
[1;32m   3136[0m [38;5;28;01mtry[39;00m:
[0;32m-> 3137[0m     results [38;5;241m=[39m [38;5;28;43mself[39;49m[38;5;241;43m.[39;49m[43mgather[49m[43m([49m[43mpacked[49m[43m,[49m[43m [49m[43masynchronous[49m[38;5;241;43m=[39;49m[43masynchronous[49m[43m,[49m[43m [49m[43mdirect[49m[38;5;241;43m=[39;49m[43mdirect[49m[43m)[49m
[1;32m   3138[0m [38;5;28;01mfinally[39;00m:
[1;32m   3139[0m     [38;5;28;01mfor[39;00m f [38;5;129;01min[39;00m futures[38;5;241m.[39mvalues():

File [0;32m/usr/share/miniconda3/envs/kerchunk-cookbook-dev/lib/python3.10/site-packages/distributed/client.py:2306[0m, in [0;36mClient.gather[0;34m(self, futures, errors, direct, asynchronous)[0m
[1;32m   2304[0m [38;5;28;01melse[39;00m:
[1;32m   2305[0m     local_worker [38;5;241m=[39m [38;5;28;01mNone[39;00m
[0;32m-> 2306[0m [38;5;28;01mreturn[39;00m [38;5;28;43mself[39;49m[38;5;241;43m.[39;49m[43msync[49m[43m([49m
[1;32m   2307[0m [43m    [49m[38;5;28;43mself[39;49m[38;5;241;43m.[39;49m[43m_gather[49m[43m,[49m
[1;32m   2308[0m [43m    [49m[43mfutures[49m[43m,[49m
[1;32m   2309[0m [43m    [49m[43merrors[49m[38;5;241;43m=[39;49m[43merrors[49m[43m,[49m
[1;32m   2310[0m [43m    [49m[43mdirect[49m[38;5;241;43m=[39;49m[43mdirect[49m[43m,[49m
[1;32m   2311[0m [43m    [49m[43mlocal_worker[49m[38;5;241;43m=[39;49m[43mlocal_worker[49m[43m,[49m
[1;32m   2312[0m [43m    [49m[43masynchronous[49m[38;5;241;43m=[39;49m[43masynchronous[49m[43m,[49m
[1;32m   2313[0m [43m[49m[43m)[49m

File [0;32m/usr/share/miniconda3/envs/kerchunk-cookbook-dev/lib/python3.10/site-packages/distributed/utils.py:338[0m, in [0;36mSyncMethodMixin.sync[0;34m(self, func, asynchronous, callback_timeout, *args, **kwargs)[0m
[1;32m    336[0m     [38;5;28;01mreturn[39;00m future
[1;32m    337[0m [38;5;28;01melse[39;00m:
[0;32m--> 338[0m     [38;5;28;01mreturn[39;00m [43msync[49m[43m([49m
[1;32m    339[0m [43m        [49m[38;5;28;43mself[39;49m[38;5;241;43m.[39;49m[43mloop[49m[43m,[49m[43m [49m[43mfunc[49m[43m,[49m[43m [49m[38;5;241;43m*[39;49m[43margs[49m[43m,[49m[43m [49m[43mcallback_timeout[49m[38;5;241;43m=[39;49m[43mcallback_timeout[49m[43m,[49m[43m [49m[38;5;241;43m*[39;49m[38;5;241;43m*[39;49m[43mkwargs[49m
[1;32m    340[0m [43m    [49m[43m)[49m

File [0;32m/usr/share/miniconda3/envs/kerchunk-cookbook-dev/lib/python3.10/site-packages/distributed/utils.py:405[0m, in [0;36msync[0;34m(loop, func, callback_timeout, *args, **kwargs)[0m
[1;32m    403[0m [38;5;28;01mif[39;00m error:
[1;32m    404[0m     typ, exc, tb [38;5;241m=[39m error
[0;32m--> 405[0m     [38;5;28;01mraise[39;00m exc[38;5;241m.[39mwith_traceback(tb)
[1;32m    406[0m [38;5;28;01melse[39;00m:
[1;32m    407[0m     [38;5;28;01mreturn[39;00m result

File [0;32m/usr/share/miniconda3/envs/kerchunk-cookbook-dev/lib/python3.10/site-packages/distributed/utils.py:378[0m, in [0;36msync.<locals>.f[0;34m()[0m
[1;32m    376[0m         future [38;5;241m=[39m asyncio[38;5;241m.[39mwait_for(future, callback_timeout)
[1;32m    377[0m     future [38;5;241m=[39m asyncio[38;5;241m.[39mensure_future(future)
[0;32m--> 378[0m     result [38;5;241m=[39m [38;5;28;01myield[39;00m future
[1;32m    379[0m [38;5;28;01mexcept[39;00m [38;5;167;01mException[39;00m:
[1;32m    380[0m     error [38;5;241m=[39m sys[38;5;241m.[39mexc_info()

File [0;32m/usr/share/miniconda3/envs/kerchunk-cookbook-dev/lib/python3.10/site-packages/tornado/gen.py:769[0m, in [0;36mRunner.run[0;34m(self)[0m
[1;32m    766[0m exc_info [38;5;241m=[39m [38;5;28;01mNone[39;00m
[1;32m    768[0m [38;5;28;01mtry[39;00m:
[0;32m--> 769[0m     value [38;5;241m=[39m [43mfuture[49m[38;5;241;43m.[39;49m[43mresult[49m[43m([49m[43m)[49m
[1;32m    770[0m [38;5;28;01mexcept[39;00m [38;5;167;01mException[39;00m:
[1;32m    771[0m     exc_info [38;5;241m=[39m sys[38;5;241m.[39mexc_info()

File [0;32m/usr/share/miniconda3/envs/kerchunk-cookbook-dev/lib/python3.10/site-packages/distributed/client.py:2169[0m, in [0;36mClient._gather[0;34m(self, futures, errors, direct, local_worker)[0m
[1;32m   2167[0m         exc [38;5;241m=[39m CancelledError(key)
[1;32m   2168[0m     [38;5;28;01melse[39;00m:
[0;32m-> 2169[0m         [38;5;28;01mraise[39;00m exception[38;5;241m.[39mwith_traceback(traceback)
[1;32m   2170[0m     [38;5;28;01mraise[39;00m exc
[1;32m   2171[0m [38;5;28;01mif[39;00m errors [38;5;241m==[39m [38;5;124m"[39m[38;5;124mskip[39m[38;5;124m"[39m:

Cell [0;32mIn[5], line 7[0m, in [0;36mgenerate_json_reference[0;34m()[0m
[1;32m      5[0m fname [38;5;241m=[39m fil[38;5;241m.[39msplit([38;5;124m"[39m[38;5;124m/[39m[38;5;124m"[39m)[[38;5;241m-[39m[38;5;241m1[39m][38;5;241m.[39mstrip([38;5;124m"[39m[38;5;124m.nc[39m[38;5;124m"[39m)
[1;32m      6[0m outf [38;5;241m=[39m [38;5;124mf[39m[38;5;124m"[39m[38;5;132;01m{[39;00moutput_dir[38;5;132;01m}[39;00m[38;5;124m/[39m[38;5;132;01m{[39;00mfname[38;5;132;01m}[39;00m[38;5;124m.json[39m[38;5;124m"[39m
[0;32m----> 7[0m [38;5;28;01mwith[39;00m [38;5;28mopen[39m(outf, [38;5;124m"[39m[38;5;124mwb[39m[38;5;124m"[39m) [38;5;28;01mas[39;00m f:
[1;32m      8[0m     f[38;5;241m.[39mwrite(ujson[38;5;241m.[39mdumps(h5chunks[38;5;241m.[39mtranslate())[38;5;241m.[39mencode())
[1;32m      9[0m [38;5;28;01mreturn[39;00m outf

File [0;32m/usr/share/miniconda3/envs/kerchunk-cookbook-dev/lib/python3.10/site-packages/IPython/core/interactiveshell.py:282[0m, in [0;36m_modified_open[0;34m()[0m
[1;32m    275[0m [38;5;28;01mif[39;00m file [38;5;129;01min[39;00m {[38;5;241m0[39m, [38;5;241m1[39m, [38;5;241m2[39m}:
[1;32m    276[0m     [38;5;28;01mraise[39;00m [38;5;167;01mValueError[39;00m(
[1;32m    277[0m         [38;5;124mf[39m[38;5;124m"[39m[38;5;124mIPython won[39m[38;5;124m'[39m[38;5;124mt let you open fd=[39m[38;5;132;01m{[39;00mfile[38;5;132;01m}[39;00m[38;5;124m by default [39m[38;5;124m"[39m
[1;32m    278[0m         [38;5;124m"[39m[38;5;124mas it is likely to crash IPython. If you know what you are doing, [39m[38;5;124m"[39m
[1;32m    279[0m         [38;5;124m"[39m[38;5;124myou can use builtins[39m[38;5;124m'[39m[38;5;124m open.[39m[38;5;124m"[39m
[1;32m    280[0m     )
[0;32m--> 282[0m [38;5;28;01mreturn[39;00m io_open(file, [38;5;241m*[39margs, [38;5;241m*[39m[38;5;241m*[39mkwargs)

[0;31mFileNotFoundError[0m: [Errno 2] No such file or directory: './json_dir/WRFDS_2060-01-19.json'
FileNotFoundError: [Errno 2] No such file or directory: './json_dir/WRFDS_2060-01-19.json'

