Traceback (most recent call last):
  File "/usr/share/miniconda3/envs/kerchunk-cookbook-dev/lib/python3.10/site-packages/jupyter_cache/executors/utils.py", line 51, in single_nb_execution
    executenb(
  File "/usr/share/miniconda3/envs/kerchunk-cookbook-dev/lib/python3.10/site-packages/nbclient/client.py", line 1204, in execute
    return NotebookClient(nb=nb, resources=resources, km=km, **kwargs).execute()
  File "/usr/share/miniconda3/envs/kerchunk-cookbook-dev/lib/python3.10/site-packages/nbclient/util.py", line 84, in wrapped
    return just_run(coro(*args, **kwargs))
  File "/usr/share/miniconda3/envs/kerchunk-cookbook-dev/lib/python3.10/site-packages/nbclient/util.py", line 62, in just_run
    return loop.run_until_complete(coro)
  File "/usr/share/miniconda3/envs/kerchunk-cookbook-dev/lib/python3.10/asyncio/base_events.py", line 649, in run_until_complete
    return future.result()
  File "/usr/share/miniconda3/envs/kerchunk-cookbook-dev/lib/python3.10/site-packages/nbclient/client.py", line 663, in async_execute
    await self.async_execute_cell(
  File "/usr/share/miniconda3/envs/kerchunk-cookbook-dev/lib/python3.10/site-packages/nbclient/client.py", line 965, in async_execute_cell
    await self._check_raise_for_error(cell, cell_index, exec_reply)
  File "/usr/share/miniconda3/envs/kerchunk-cookbook-dev/lib/python3.10/site-packages/nbclient/client.py", line 862, in _check_raise_for_error
    raise CellExecutionError.from_cell_and_msg(cell, exec_reply_content)
nbclient.exceptions.CellExecutionError: An error occurred while executing the following cell:
------------------
## Note: Optional piece of code to view one of the NetCDF files using Xarray as fsspec.

import s3fs

fs = fsspec.filesystem("s3")
ds = xr.open_dataset(fs.open(file_pattern[0]))
------------------

[0;31m---------------------------------------------------------------------------[0m
[0;31mNoCredentialsError[0m                        Traceback (most recent call last)
Cell [0;32mIn[4], line 6[0m
[1;32m      3[0m [38;5;28;01mimport[39;00m [38;5;21;01ms3fs[39;00m
[1;32m      5[0m fs [38;5;241m=[39m fsspec[38;5;241m.[39mfilesystem([38;5;124m"[39m[38;5;124ms3[39m[38;5;124m"[39m)
[0;32m----> 6[0m ds [38;5;241m=[39m xr[38;5;241m.[39mopen_dataset([43mfs[49m[38;5;241;43m.[39;49m[43mopen[49m[43m([49m[43mfile_pattern[49m[43m[[49m[38;5;241;43m0[39;49m[43m][49m[43m)[49m)

File [0;32m/usr/share/miniconda3/envs/kerchunk-cookbook-dev/lib/python3.10/site-packages/fsspec/spec.py:1135[0m, in [0;36mAbstractFileSystem.open[0;34m(self, path, mode, block_size, cache_options, compression, **kwargs)[0m
[1;32m   1133[0m [38;5;28;01melse[39;00m:
[1;32m   1134[0m     ac [38;5;241m=[39m kwargs[38;5;241m.[39mpop([38;5;124m"[39m[38;5;124mautocommit[39m[38;5;124m"[39m, [38;5;129;01mnot[39;00m [38;5;28mself[39m[38;5;241m.[39m_intrans)
[0;32m-> 1135[0m     f [38;5;241m=[39m [38;5;28;43mself[39;49m[38;5;241;43m.[39;49m[43m_open[49m[43m([49m
[1;32m   1136[0m [43m        [49m[43mpath[49m[43m,[49m
[1;32m   1137[0m [43m        [49m[43mmode[49m[38;5;241;43m=[39;49m[43mmode[49m[43m,[49m
[1;32m   1138[0m [43m        [49m[43mblock_size[49m[38;5;241;43m=[39;49m[43mblock_size[49m[43m,[49m
[1;32m   1139[0m [43m        [49m[43mautocommit[49m[38;5;241;43m=[39;49m[43mac[49m[43m,[49m
[1;32m   1140[0m [43m        [49m[43mcache_options[49m[38;5;241;43m=[39;49m[43mcache_options[49m[43m,[49m
[1;32m   1141[0m [43m        [49m[38;5;241;43m*[39;49m[38;5;241;43m*[39;49m[43mkwargs[49m[43m,[49m
[1;32m   1142[0m [43m    [49m[43m)[49m
[1;32m   1143[0m     [38;5;28;01mif[39;00m compression [38;5;129;01mis[39;00m [38;5;129;01mnot[39;00m [38;5;28;01mNone[39;00m:
[1;32m   1144[0m         [38;5;28;01mfrom[39;00m [38;5;21;01mfsspec[39;00m[38;5;21;01m.[39;00m[38;5;21;01mcompression[39;00m [38;5;28;01mimport[39;00m compr

File [0;32m/usr/share/miniconda3/envs/kerchunk-cookbook-dev/lib/python3.10/site-packages/s3fs/core.py:649[0m, in [0;36mS3FileSystem._open[0;34m(self, path, mode, block_size, acl, version_id, fill_cache, cache_type, autocommit, requester_pays, cache_options, **kwargs)[0m
[1;32m    646[0m [38;5;28;01mif[39;00m cache_type [38;5;129;01mis[39;00m [38;5;28;01mNone[39;00m:
[1;32m    647[0m     cache_type [38;5;241m=[39m [38;5;28mself[39m[38;5;241m.[39mdefault_cache_type
[0;32m--> 649[0m [38;5;28;01mreturn[39;00m [43mS3File[49m[43m([49m
[1;32m    650[0m [43m    [49m[38;5;28;43mself[39;49m[43m,[49m
[1;32m    651[0m [43m    [49m[43mpath[49m[43m,[49m
[1;32m    652[0m [43m    [49m[43mmode[49m[43m,[49m
[1;32m    653[0m [43m    [49m[43mblock_size[49m[38;5;241;43m=[39;49m[43mblock_size[49m[43m,[49m
[1;32m    654[0m [43m    [49m[43macl[49m[38;5;241;43m=[39;49m[43macl[49m[43m,[49m
[1;32m    655[0m [43m    [49m[43mversion_id[49m[38;5;241;43m=[39;49m[43mversion_id[49m[43m,[49m
[1;32m    656[0m [43m    [49m[43mfill_cache[49m[38;5;241;43m=[39;49m[43mfill_cache[49m[43m,[49m
[1;32m    657[0m [43m    [49m[43ms3_additional_kwargs[49m[38;5;241;43m=[39;49m[43mkw[49m[43m,[49m
[1;32m    658[0m [43m    [49m[43mcache_type[49m[38;5;241;43m=[39;49m[43mcache_type[49m[43m,[49m
[1;32m    659[0m [43m    [49m[43mautocommit[49m[38;5;241;43m=[39;49m[43mautocommit[49m[43m,[49m
[1;32m    660[0m [43m    [49m[43mrequester_pays[49m[38;5;241;43m=[39;49m[43mrequester_pays[49m[43m,[49m
[1;32m    661[0m [43m    [49m[43mcache_options[49m[38;5;241;43m=[39;49m[43mcache_options[49m[43m,[49m
[1;32m    662[0m [43m[49m[43m)[49m

File [0;32m/usr/share/miniconda3/envs/kerchunk-cookbook-dev/lib/python3.10/site-packages/s3fs/core.py:2024[0m, in [0;36mS3File.__init__[0;34m(self, s3, path, mode, block_size, acl, version_id, fill_cache, s3_additional_kwargs, autocommit, cache_type, requester_pays, cache_options)[0m
[1;32m   2022[0m         [38;5;28mself[39m[38;5;241m.[39mdetails [38;5;241m=[39m s3[38;5;241m.[39minfo(path)
[1;32m   2023[0m         [38;5;28mself[39m[38;5;241m.[39mversion_id [38;5;241m=[39m [38;5;28mself[39m[38;5;241m.[39mdetails[38;5;241m.[39mget([38;5;124m"[39m[38;5;124mVersionId[39m[38;5;124m"[39m)
[0;32m-> 2024[0m [38;5;28;43msuper[39;49m[43m([49m[43m)[49m[38;5;241;43m.[39;49m[38;5;21;43m__init__[39;49m[43m([49m
[1;32m   2025[0m [43m    [49m[43ms3[49m[43m,[49m
[1;32m   2026[0m [43m    [49m[43mpath[49m[43m,[49m
[1;32m   2027[0m [43m    [49m[43mmode[49m[43m,[49m
[1;32m   2028[0m [43m    [49m[43mblock_size[49m[43m,[49m
[1;32m   2029[0m [43m    [49m[43mautocommit[49m[38;5;241;43m=[39;49m[43mautocommit[49m[43m,[49m
[1;32m   2030[0m [43m    [49m[43mcache_type[49m[38;5;241;43m=[39;49m[43mcache_type[49m[43m,[49m
[1;32m   2031[0m [43m    [49m[43mcache_options[49m[38;5;241;43m=[39;49m[43mcache_options[49m[43m,[49m
[1;32m   2032[0m [43m[49m[43m)[49m
[1;32m   2033[0m [38;5;28mself[39m[38;5;241m.[39ms3 [38;5;241m=[39m [38;5;28mself[39m[38;5;241m.[39mfs  [38;5;66;03m# compatibility[39;00m
[1;32m   2035[0m [38;5;66;03m# when not using autocommit we want to have transactional state to manage[39;00m

File [0;32m/usr/share/miniconda3/envs/kerchunk-cookbook-dev/lib/python3.10/site-packages/fsspec/spec.py:1491[0m, in [0;36mAbstractBufferedFile.__init__[0;34m(self, fs, path, mode, block_size, autocommit, cache_type, cache_options, size, **kwargs)[0m
[1;32m   1489[0m         [38;5;28mself[39m[38;5;241m.[39msize [38;5;241m=[39m size
[1;32m   1490[0m     [38;5;28;01melse[39;00m:
[0;32m-> 1491[0m         [38;5;28mself[39m[38;5;241m.[39msize [38;5;241m=[39m [38;5;28;43mself[39;49m[38;5;241;43m.[39;49m[43mdetails[49m[[38;5;124m"[39m[38;5;124msize[39m[38;5;124m"[39m]
[1;32m   1492[0m     [38;5;28mself[39m[38;5;241m.[39mcache [38;5;241m=[39m caches[cache_type](
[1;32m   1493[0m         [38;5;28mself[39m[38;5;241m.[39mblocksize, [38;5;28mself[39m[38;5;241m.[39m_fetch_range, [38;5;28mself[39m[38;5;241m.[39msize, [38;5;241m*[39m[38;5;241m*[39mcache_options
[1;32m   1494[0m     )
[1;32m   1495[0m [38;5;28;01melse[39;00m:

File [0;32m/usr/share/miniconda3/envs/kerchunk-cookbook-dev/lib/python3.10/site-packages/fsspec/spec.py:1504[0m, in [0;36mAbstractBufferedFile.details[0;34m(self)[0m
[1;32m   1501[0m [38;5;129m@property[39m
[1;32m   1502[0m [38;5;28;01mdef[39;00m [38;5;21mdetails[39m([38;5;28mself[39m):
[1;32m   1503[0m     [38;5;28;01mif[39;00m [38;5;28mself[39m[38;5;241m.[39m_details [38;5;129;01mis[39;00m [38;5;28;01mNone[39;00m:
[0;32m-> 1504[0m         [38;5;28mself[39m[38;5;241m.[39m_details [38;5;241m=[39m [38;5;28;43mself[39;49m[38;5;241;43m.[39;49m[43mfs[49m[38;5;241;43m.[39;49m[43minfo[49m[43m([49m[38;5;28;43mself[39;49m[38;5;241;43m.[39;49m[43mpath[49m[43m)[49m
[1;32m   1505[0m     [38;5;28;01mreturn[39;00m [38;5;28mself[39m[38;5;241m.[39m_details

File [0;32m/usr/share/miniconda3/envs/kerchunk-cookbook-dev/lib/python3.10/site-packages/fsspec/asyn.py:114[0m, in [0;36msync_wrapper.<locals>.wrapper[0;34m(*args, **kwargs)[0m
[1;32m    111[0m [38;5;129m@functools[39m[38;5;241m.[39mwraps(func)
[1;32m    112[0m [38;5;28;01mdef[39;00m [38;5;21mwrapper[39m([38;5;241m*[39margs, [38;5;241m*[39m[38;5;241m*[39mkwargs):
[1;32m    113[0m     [38;5;28mself[39m [38;5;241m=[39m obj [38;5;129;01mor[39;00m args[[38;5;241m0[39m]
[0;32m--> 114[0m     [38;5;28;01mreturn[39;00m [43msync[49m[43m([49m[38;5;28;43mself[39;49m[38;5;241;43m.[39;49m[43mloop[49m[43m,[49m[43m [49m[43mfunc[49m[43m,[49m[43m [49m[38;5;241;43m*[39;49m[43margs[49m[43m,[49m[43m [49m[38;5;241;43m*[39;49m[38;5;241;43m*[39;49m[43mkwargs[49m[43m)[49m

File [0;32m/usr/share/miniconda3/envs/kerchunk-cookbook-dev/lib/python3.10/site-packages/fsspec/asyn.py:99[0m, in [0;36msync[0;34m(loop, func, timeout, *args, **kwargs)[0m
[1;32m     97[0m     [38;5;28;01mraise[39;00m FSTimeoutError [38;5;28;01mfrom[39;00m [38;5;21;01mreturn_result[39;00m
[1;32m     98[0m [38;5;28;01melif[39;00m [38;5;28misinstance[39m(return_result, [38;5;167;01mBaseException[39;00m):
[0;32m---> 99[0m     [38;5;28;01mraise[39;00m return_result
[1;32m    100[0m [38;5;28;01melse[39;00m:
[1;32m    101[0m     [38;5;28;01mreturn[39;00m return_result

File [0;32m/usr/share/miniconda3/envs/kerchunk-cookbook-dev/lib/python3.10/site-packages/fsspec/asyn.py:54[0m, in [0;36m_runner[0;34m(event, coro, result, timeout)[0m
[1;32m     52[0m     coro [38;5;241m=[39m asyncio[38;5;241m.[39mwait_for(coro, timeout[38;5;241m=[39mtimeout)
[1;32m     53[0m [38;5;28;01mtry[39;00m:
[0;32m---> 54[0m     result[[38;5;241m0[39m] [38;5;241m=[39m [38;5;28;01mawait[39;00m coro
[1;32m     55[0m [38;5;28;01mexcept[39;00m [38;5;167;01mException[39;00m [38;5;28;01mas[39;00m ex:
[1;32m     56[0m     result[[38;5;241m0[39m] [38;5;241m=[39m ex

File [0;32m/usr/share/miniconda3/envs/kerchunk-cookbook-dev/lib/python3.10/site-packages/s3fs/core.py:1238[0m, in [0;36mS3FileSystem._info[0;34m(self, path, bucket, key, refresh, version_id)[0m
[1;32m   1236[0m [38;5;28;01mif[39;00m key:
[1;32m   1237[0m     [38;5;28;01mtry[39;00m:
[0;32m-> 1238[0m         out [38;5;241m=[39m [38;5;28;01mawait[39;00m [38;5;28mself[39m[38;5;241m.[39m_call_s3(
[1;32m   1239[0m             [38;5;124m"[39m[38;5;124mhead_object[39m[38;5;124m"[39m,
[1;32m   1240[0m             [38;5;28mself[39m[38;5;241m.[39mkwargs,
[1;32m   1241[0m             Bucket[38;5;241m=[39mbucket,
[1;32m   1242[0m             Key[38;5;241m=[39mkey,
[1;32m   1243[0m             [38;5;241m*[39m[38;5;241m*[39mversion_id_kw(version_id),
[1;32m   1244[0m             [38;5;241m*[39m[38;5;241m*[39m[38;5;28mself[39m[38;5;241m.[39mreq_kw,
[1;32m   1245[0m         )
[1;32m   1246[0m         [38;5;28;01mreturn[39;00m {
[1;32m   1247[0m             [38;5;124m"[39m[38;5;124mETag[39m[38;5;124m"[39m: out[38;5;241m.[39mget([38;5;124m"[39m[38;5;124mETag[39m[38;5;124m"[39m, [38;5;124m"[39m[38;5;124m"[39m),
[1;32m   1248[0m             [38;5;124m"[39m[38;5;124mLastModified[39m[38;5;124m"[39m: out[[38;5;124m"[39m[38;5;124mLastModified[39m[38;5;124m"[39m],
[0;32m   (...)[0m
[1;32m   1254[0m             [38;5;124m"[39m[38;5;124mContentType[39m[38;5;124m"[39m: out[38;5;241m.[39mget([38;5;124m"[39m[38;5;124mContentType[39m[38;5;124m"[39m),
[1;32m   1255[0m         }
[1;32m   1256[0m     [38;5;28;01mexcept[39;00m [38;5;167;01mFileNotFoundError[39;00m:

File [0;32m/usr/share/miniconda3/envs/kerchunk-cookbook-dev/lib/python3.10/site-packages/s3fs/core.py:339[0m, in [0;36mS3FileSystem._call_s3[0;34m(self, method, *akwarglist, **kwargs)[0m
[1;32m    337[0m logger[38;5;241m.[39mdebug([38;5;124m"[39m[38;5;124mCALL: [39m[38;5;132;01m%s[39;00m[38;5;124m - [39m[38;5;132;01m%s[39;00m[38;5;124m - [39m[38;5;132;01m%s[39;00m[38;5;124m"[39m, method[38;5;241m.[39m[38;5;18m__name__[39m, akwarglist, kw2)
[1;32m    338[0m additional_kwargs [38;5;241m=[39m [38;5;28mself[39m[38;5;241m.[39m_get_s3_method_kwargs(method, [38;5;241m*[39makwarglist, [38;5;241m*[39m[38;5;241m*[39mkwargs)
[0;32m--> 339[0m [38;5;28;01mreturn[39;00m [38;5;28;01mawait[39;00m _error_wrapper(
[1;32m    340[0m     method, kwargs[38;5;241m=[39madditional_kwargs, retries[38;5;241m=[39m[38;5;28mself[39m[38;5;241m.[39mretries
[1;32m    341[0m )

File [0;32m/usr/share/miniconda3/envs/kerchunk-cookbook-dev/lib/python3.10/site-packages/s3fs/core.py:139[0m, in [0;36m_error_wrapper[0;34m(func, args, kwargs, retries)[0m
[1;32m    137[0m         err [38;5;241m=[39m e
[1;32m    138[0m err [38;5;241m=[39m translate_boto_error(err)
[0;32m--> 139[0m [38;5;28;01mraise[39;00m err

File [0;32m/usr/share/miniconda3/envs/kerchunk-cookbook-dev/lib/python3.10/site-packages/s3fs/core.py:112[0m, in [0;36m_error_wrapper[0;34m(func, args, kwargs, retries)[0m
[1;32m    110[0m [38;5;28;01mfor[39;00m i [38;5;129;01min[39;00m [38;5;28mrange[39m(retries):
[1;32m    111[0m     [38;5;28;01mtry[39;00m:
[0;32m--> 112[0m         [38;5;28;01mreturn[39;00m [38;5;28;01mawait[39;00m func([38;5;241m*[39margs, [38;5;241m*[39m[38;5;241m*[39mkwargs)
[1;32m    113[0m     [38;5;28;01mexcept[39;00m S3_RETRYABLE_ERRORS [38;5;28;01mas[39;00m e:
[1;32m    114[0m         err [38;5;241m=[39m e

File [0;32m/usr/share/miniconda3/envs/kerchunk-cookbook-dev/lib/python3.10/site-packages/aiobotocore/client.py:341[0m, in [0;36mAioBaseClient._make_api_call[0;34m(self, operation_name, api_params)[0m
[1;32m    339[0m [38;5;28;01melse[39;00m:
[1;32m    340[0m     apply_request_checksum(request_dict)
[0;32m--> 341[0m     http, parsed_response [38;5;241m=[39m [38;5;28;01mawait[39;00m [38;5;28mself[39m[38;5;241m.[39m_make_request(
[1;32m    342[0m         operation_model, request_dict, request_context
[1;32m    343[0m     )
[1;32m    345[0m [38;5;28;01mawait[39;00m [38;5;28mself[39m[38;5;241m.[39mmeta[38;5;241m.[39mevents[38;5;241m.[39memit(
[1;32m    346[0m     [38;5;124m'[39m[38;5;124mafter-call.[39m[38;5;132;01m{service_id}[39;00m[38;5;124m.[39m[38;5;132;01m{operation_name}[39;00m[38;5;124m'[39m[38;5;241m.[39mformat(
[1;32m    347[0m         service_id[38;5;241m=[39mservice_id, operation_name[38;5;241m=[39moperation_name
[0;32m   (...)[0m
[1;32m    352[0m     context[38;5;241m=[39mrequest_context,
[1;32m    353[0m )
[1;32m    355[0m [38;5;28;01mif[39;00m http[38;5;241m.[39mstatus_code [38;5;241m>[39m[38;5;241m=[39m [38;5;241m300[39m:

File [0;32m/usr/share/miniconda3/envs/kerchunk-cookbook-dev/lib/python3.10/site-packages/aiobotocore/client.py:366[0m, in [0;36mAioBaseClient._make_request[0;34m(self, operation_model, request_dict, request_context)[0m
[1;32m    362[0m [38;5;28;01masync[39;00m [38;5;28;01mdef[39;00m [38;5;21m_make_request[39m(
[1;32m    363[0m     [38;5;28mself[39m, operation_model, request_dict, request_context
[1;32m    364[0m ):
[1;32m    365[0m     [38;5;28;01mtry[39;00m:
[0;32m--> 366[0m         [38;5;28;01mreturn[39;00m [38;5;28;01mawait[39;00m [38;5;28mself[39m[38;5;241m.[39m_endpoint[38;5;241m.[39mmake_request(
[1;32m    367[0m             operation_model, request_dict
[1;32m    368[0m         )
[1;32m    369[0m     [38;5;28;01mexcept[39;00m [38;5;167;01mException[39;00m [38;5;28;01mas[39;00m e:
[1;32m    370[0m         [38;5;28;01mawait[39;00m [38;5;28mself[39m[38;5;241m.[39mmeta[38;5;241m.[39mevents[38;5;241m.[39memit(
[1;32m    371[0m             [38;5;124m'[39m[38;5;124mafter-call-error.[39m[38;5;132;01m{service_id}[39;00m[38;5;124m.[39m[38;5;132;01m{operation_name}[39;00m[38;5;124m'[39m[38;5;241m.[39mformat(
[1;32m    372[0m                 service_id[38;5;241m=[39m[38;5;28mself[39m[38;5;241m.[39m_service_model[38;5;241m.[39mservice_id[38;5;241m.[39mhyphenize(),
[0;32m   (...)[0m
[1;32m    376[0m             context[38;5;241m=[39mrequest_context,
[1;32m    377[0m         )

File [0;32m/usr/share/miniconda3/envs/kerchunk-cookbook-dev/lib/python3.10/site-packages/aiobotocore/endpoint.py:96[0m, in [0;36mAioEndpoint._send_request[0;34m(self, request_dict, operation_model)[0m
[1;32m     94[0m context [38;5;241m=[39m request_dict[[38;5;124m'[39m[38;5;124mcontext[39m[38;5;124m'[39m]
[1;32m     95[0m [38;5;28mself[39m[38;5;241m.[39m_update_retries_context(context, attempts)
[0;32m---> 96[0m request [38;5;241m=[39m [38;5;28;01mawait[39;00m [38;5;28mself[39m[38;5;241m.[39mcreate_request(request_dict, operation_model)
[1;32m     97[0m success_response, exception [38;5;241m=[39m [38;5;28;01mawait[39;00m [38;5;28mself[39m[38;5;241m.[39m_get_response(
[1;32m     98[0m     request, operation_model, context
[1;32m     99[0m )
[1;32m    100[0m [38;5;28;01mwhile[39;00m [38;5;28;01mawait[39;00m [38;5;28mself[39m[38;5;241m.[39m_needs_retry(
[1;32m    101[0m     attempts,
[1;32m    102[0m     operation_model,
[0;32m   (...)[0m
[1;32m    105[0m     exception,
[1;32m    106[0m ):

File [0;32m/usr/share/miniconda3/envs/kerchunk-cookbook-dev/lib/python3.10/site-packages/aiobotocore/endpoint.py:84[0m, in [0;36mAioEndpoint.create_request[0;34m(self, params, operation_model)[0m
[1;32m     80[0m     service_id [38;5;241m=[39m operation_model[38;5;241m.[39mservice_model[38;5;241m.[39mservice_id[38;5;241m.[39mhyphenize()
[1;32m     81[0m     event_name [38;5;241m=[39m [38;5;124m'[39m[38;5;124mrequest-created.[39m[38;5;132;01m{service_id}[39;00m[38;5;124m.[39m[38;5;132;01m{op_name}[39;00m[38;5;124m'[39m[38;5;241m.[39mformat(
[1;32m     82[0m         service_id[38;5;241m=[39mservice_id, op_name[38;5;241m=[39moperation_model[38;5;241m.[39mname
[1;32m     83[0m     )
[0;32m---> 84[0m     [38;5;28;01mawait[39;00m [38;5;28mself[39m[38;5;241m.[39m_event_emitter[38;5;241m.[39memit(
[1;32m     85[0m         event_name,
[1;32m     86[0m         request[38;5;241m=[39mrequest,
[1;32m     87[0m         operation_name[38;5;241m=[39moperation_model[38;5;241m.[39mname,
[1;32m     88[0m     )
[1;32m     89[0m prepared_request [38;5;241m=[39m [38;5;28mself[39m[38;5;241m.[39mprepare_request(request)
[1;32m     90[0m [38;5;28;01mreturn[39;00m prepared_request

File [0;32m/usr/share/miniconda3/envs/kerchunk-cookbook-dev/lib/python3.10/site-packages/aiobotocore/hooks.py:66[0m, in [0;36mAioHierarchicalEmitter._emit[0;34m(self, event_name, kwargs, stop_on_response)[0m
[1;32m     63[0m logger[38;5;241m.[39mdebug([38;5;124m'[39m[38;5;124mEvent [39m[38;5;132;01m%s[39;00m[38;5;124m: calling handler [39m[38;5;132;01m%s[39;00m[38;5;124m'[39m, event_name, handler)
[1;32m     65[0m [38;5;66;03m# Await the handler if its a coroutine.[39;00m
[0;32m---> 66[0m response [38;5;241m=[39m [38;5;28;01mawait[39;00m resolve_awaitable(handler([38;5;241m*[39m[38;5;241m*[39mkwargs))
[1;32m     67[0m responses[38;5;241m.[39mappend((handler, response))
[1;32m     68[0m [38;5;28;01mif[39;00m stop_on_response [38;5;129;01mand[39;00m response [38;5;129;01mis[39;00m [38;5;129;01mnot[39;00m [38;5;28;01mNone[39;00m:

File [0;32m/usr/share/miniconda3/envs/kerchunk-cookbook-dev/lib/python3.10/site-packages/aiobotocore/_helpers.py:15[0m, in [0;36mresolve_awaitable[0;34m(obj)[0m
[1;32m     13[0m [38;5;28;01masync[39;00m [38;5;28;01mdef[39;00m [38;5;21mresolve_awaitable[39m(obj):
[1;32m     14[0m     [38;5;28;01mif[39;00m inspect[38;5;241m.[39misawaitable(obj):
[0;32m---> 15[0m         [38;5;28;01mreturn[39;00m [38;5;28;01mawait[39;00m obj
[1;32m     17[0m     [38;5;28;01mreturn[39;00m obj

File [0;32m/usr/share/miniconda3/envs/kerchunk-cookbook-dev/lib/python3.10/site-packages/aiobotocore/signers.py:23[0m, in [0;36mAioRequestSigner.handler[0;34m(self, operation_name, request, **kwargs)[0m
[1;32m     18[0m [38;5;28;01masync[39;00m [38;5;28;01mdef[39;00m [38;5;21mhandler[39m([38;5;28mself[39m, operation_name[38;5;241m=[39m[38;5;28;01mNone[39;00m, request[38;5;241m=[39m[38;5;28;01mNone[39;00m, [38;5;241m*[39m[38;5;241m*[39mkwargs):
[1;32m     19[0m     [38;5;66;03m# This is typically hooked up to the "request-created" event[39;00m
[1;32m     20[0m     [38;5;66;03m# from a client's event emitter.  When a new request is created[39;00m
[1;32m     21[0m     [38;5;66;03m# this method is invoked to sign the request.[39;00m
[1;32m     22[0m     [38;5;66;03m# Don't call this method directly.[39;00m
[0;32m---> 23[0m     [38;5;28;01mreturn[39;00m [38;5;28;01mawait[39;00m [38;5;28mself[39m[38;5;241m.[39msign(operation_name, request)

File [0;32m/usr/share/miniconda3/envs/kerchunk-cookbook-dev/lib/python3.10/site-packages/aiobotocore/signers.py:81[0m, in [0;36mAioRequestSigner.sign[0;34m(self, operation_name, request, region_name, signing_type, expires_in, signing_name)[0m
[1;32m     78[0m     [38;5;28;01melse[39;00m:
[1;32m     79[0m         [38;5;28;01mraise[39;00m e
[0;32m---> 81[0m [43mauth[49m[38;5;241;43m.[39;49m[43madd_auth[49m[43m([49m[43mrequest[49m[43m)[49m

File [0;32m/usr/share/miniconda3/envs/kerchunk-cookbook-dev/lib/python3.10/site-packages/botocore/auth.py:407[0m, in [0;36mSigV4Auth.add_auth[0;34m(self, request)[0m
[1;32m    405[0m [38;5;28;01mdef[39;00m [38;5;21madd_auth[39m([38;5;28mself[39m, request):
[1;32m    406[0m     [38;5;28;01mif[39;00m [38;5;28mself[39m[38;5;241m.[39mcredentials [38;5;129;01mis[39;00m [38;5;28;01mNone[39;00m:
[0;32m--> 407[0m         [38;5;28;01mraise[39;00m NoCredentialsError()
[1;32m    408[0m     datetime_now [38;5;241m=[39m datetime[38;5;241m.[39mdatetime[38;5;241m.[39mutcnow()
[1;32m    409[0m     request[38;5;241m.[39mcontext[[38;5;124m'[39m[38;5;124mtimestamp[39m[38;5;124m'[39m] [38;5;241m=[39m datetime_now[38;5;241m.[39mstrftime(SIGV4_TIMESTAMP)

[0;31mNoCredentialsError[0m: Unable to locate credentials
NoCredentialsError: Unable to locate credentials

