Traceback (most recent call last):
  File "/home/runner/micromamba/envs/kerchunk-cookbook/lib/python3.13/site-packages/jupyter_core/utils/__init__.py", line 154, in wrapped
    asyncio.get_running_loop()
    ~~~~~~~~~~~~~~~~~~~~~~~~^^
RuntimeError: no running event loop

During handling of the above exception, another exception occurred:

Traceback (most recent call last):
  File "/home/runner/micromamba/envs/kerchunk-cookbook/lib/python3.13/site-packages/jupyter_cache/executors/utils.py", line 58, in single_nb_execution
    executenb(
    ~~~~~~~~~^
        nb,
        ^^^
    ...<4 lines>...
        **kwargs,
        ^^^^^^^^^
    )
    ^
  File "/home/runner/micromamba/envs/kerchunk-cookbook/lib/python3.13/site-packages/nbclient/client.py", line 1319, in execute
    return NotebookClient(nb=nb, resources=resources, km=km, **kwargs).execute()
           ~~~~~~~~~~~~~~~~~~~~~~~~~~~~~~~~~~~~~~~~~~~~~~~~~~~~~~~~~~~~~~~~~~~^^
  File "/home/runner/micromamba/envs/kerchunk-cookbook/lib/python3.13/site-packages/jupyter_core/utils/__init__.py", line 158, in wrapped
    return loop.run_until_complete(inner)
           ~~~~~~~~~~~~~~~~~~~~~~~^^^^^^^
  File "/home/runner/micromamba/envs/kerchunk-cookbook/lib/python3.13/asyncio/base_events.py", line 725, in run_until_complete
    return future.result()
           ~~~~~~~~~~~~~^^
  File "/home/runner/micromamba/envs/kerchunk-cookbook/lib/python3.13/site-packages/nbclient/client.py", line 709, in async_execute
    await self.async_execute_cell(
        cell, index, execution_count=self.code_cells_executed + 1
    )
  File "/home/runner/micromamba/envs/kerchunk-cookbook/lib/python3.13/site-packages/nbclient/client.py", line 1062, in async_execute_cell
    await self._check_raise_for_error(cell, cell_index, exec_reply)
  File "/home/runner/micromamba/envs/kerchunk-cookbook/lib/python3.13/site-packages/nbclient/client.py", line 918, in _check_raise_for_error
    raise CellExecutionError.from_cell_and_msg(cell, exec_reply_content)
nbclient.exceptions.CellExecutionError: An error occurred while executing the following cell:
------------------
combined_vds = xr.combine_nested(
    virtual_datasets, concat_dim=["time"], coords="minimal", compat="override"
)
combined_vds
------------------


[31m---------------------------------------------------------------------------[39m
[31mValueError[39m                                Traceback (most recent call last)
[36mCell[39m[36m [39m[32mIn[8][39m[32m, line 1[39m
[32m----> [39m[32m1[39m combined_vds = [43mxr[49m[43m.[49m[43mcombine_nested[49m[43m([49m
[32m      2[39m [43m    [49m[43mvirtual_datasets[49m[43m,[49m[43m [49m[43mconcat_dim[49m[43m=[49m[43m[[49m[33;43m"[39;49m[33;43mtime[39;49m[33;43m"[39;49m[43m][49m[43m,[49m[43m [49m[43mcoords[49m[43m=[49m[33;43m"[39;49m[33;43mminimal[39;49m[33;43m"[39;49m[43m,[49m[43m [49m[43mcompat[49m[43m=[49m[33;43m"[39;49m[33;43moverride[39;49m[33;43m"[39;49m
[32m      3[39m [43m)[49m
[32m      4[39m combined_vds

[36mFile [39m[32m~/micromamba/envs/kerchunk-cookbook/lib/python3.13/site-packages/xarray/structure/combine.py:588[39m, in [36mcombine_nested[39m[34m(datasets, concat_dim, compat, data_vars, coords, fill_value, join, combine_attrs)[39m
[32m    585[39m     concat_dim = [concat_dim]
[32m    587[39m [38;5;66;03m# The IDs argument tells _nested_combine that datasets aren't yet sorted[39;00m
[32m--> [39m[32m588[39m [38;5;28;01mreturn[39;00m [43m_nested_combine[49m[43m([49m
[32m    589[39m [43m    [49m[43mdatasets[49m[43m,[49m
[32m    590[39m [43m    [49m[43mconcat_dims[49m[43m=[49m[43mconcat_dim[49m[43m,[49m
[32m    591[39m [43m    [49m[43mcompat[49m[43m=[49m[43mcompat[49m[43m,[49m
[32m    592[39m [43m    [49m[43mdata_vars[49m[43m=[49m[43mdata_vars[49m[43m,[49m
[32m    593[39m [43m    [49m[43mcoords[49m[43m=[49m[43mcoords[49m[43m,[49m
[32m    594[39m [43m    [49m[43mids[49m[43m=[49m[38;5;28;43;01mFalse[39;49;00m[43m,[49m
[32m    595[39m [43m    [49m[43mfill_value[49m[43m=[49m[43mfill_value[49m[43m,[49m
[32m    596[39m [43m    [49m[43mjoin[49m[43m=[49m[43mjoin[49m[43m,[49m
[32m    597[39m [43m    [49m[43mcombine_attrs[49m[43m=[49m[43mcombine_attrs[49m[43m,[49m
[32m    598[39m [43m[49m[43m)[49m

[36mFile [39m[32m~/micromamba/envs/kerchunk-cookbook/lib/python3.13/site-packages/xarray/structure/combine.py:367[39m, in [36m_nested_combine[39m[34m(datasets, concat_dims, compat, data_vars, coords, ids, fill_value, join, combine_attrs)[39m
[32m    364[39m _check_shape_tile_ids(combined_ids)
[32m    366[39m [38;5;66;03m# Apply series of concatenate or merge operations along each dimension[39;00m
[32m--> [39m[32m367[39m combined = [43m_combine_nd[49m[43m([49m
[32m    368[39m [43m    [49m[43mcombined_ids[49m[43m,[49m
[32m    369[39m [43m    [49m[43mconcat_dims[49m[43m,[49m
[32m    370[39m [43m    [49m[43mcompat[49m[43m=[49m[43mcompat[49m[43m,[49m
[32m    371[39m [43m    [49m[43mdata_vars[49m[43m=[49m[43mdata_vars[49m[43m,[49m
[32m    372[39m [43m    [49m[43mcoords[49m[43m=[49m[43mcoords[49m[43m,[49m
[32m    373[39m [43m    [49m[43mfill_value[49m[43m=[49m[43mfill_value[49m[43m,[49m
[32m    374[39m [43m    [49m[43mjoin[49m[43m=[49m[43mjoin[49m[43m,[49m
[32m    375[39m [43m    [49m[43mcombine_attrs[49m[43m=[49m[43mcombine_attrs[49m[43m,[49m
[32m    376[39m [43m[49m[43m)[49m
[32m    377[39m [38;5;28;01mreturn[39;00m combined

[36mFile [39m[32m~/micromamba/envs/kerchunk-cookbook/lib/python3.13/site-packages/xarray/structure/combine.py:246[39m, in [36m_combine_nd[39m[34m(combined_ids, concat_dims, data_vars, coords, compat, fill_value, join, combine_attrs)[39m
[32m    242[39m [38;5;66;03m# Each iteration of this loop reduces the length of the tile_ids tuples[39;00m
[32m    243[39m [38;5;66;03m# by one. It always combines along the first dimension, removing the first[39;00m
[32m    244[39m [38;5;66;03m# element of the tuple[39;00m
[32m    245[39m [38;5;28;01mfor[39;00m concat_dim [38;5;129;01min[39;00m concat_dims:
[32m--> [39m[32m246[39m     combined_ids = [43m_combine_all_along_first_dim[49m[43m([49m
[32m    247[39m [43m        [49m[43mcombined_ids[49m[43m,[49m
[32m    248[39m [43m        [49m[43mdim[49m[43m=[49m[43mconcat_dim[49m[43m,[49m
[32m    249[39m [43m        [49m[43mdata_vars[49m[43m=[49m[43mdata_vars[49m[43m,[49m
[32m    250[39m [43m        [49m[43mcoords[49m[43m=[49m[43mcoords[49m[43m,[49m
[32m    251[39m [43m        [49m[43mcompat[49m[43m=[49m[43mcompat[49m[43m,[49m
[32m    252[39m [43m        [49m[43mfill_value[49m[43m=[49m[43mfill_value[49m[43m,[49m
[32m    253[39m [43m        [49m[43mjoin[49m[43m=[49m[43mjoin[49m[43m,[49m
[32m    254[39m [43m        [49m[43mcombine_attrs[49m[43m=[49m[43mcombine_attrs[49m[43m,[49m
[32m    255[39m [43m    [49m[43m)[49m
[32m    256[39m (combined_ds,) = combined_ids.values()
[32m    257[39m [38;5;28;01mreturn[39;00m combined_ds

[36mFile [39m[32m~/micromamba/envs/kerchunk-cookbook/lib/python3.13/site-packages/xarray/structure/combine.py:278[39m, in [36m_combine_all_along_first_dim[39m[34m(combined_ids, dim, data_vars, coords, compat, fill_value, join, combine_attrs)[39m
[32m    276[39m     combined_ids = [38;5;28mdict[39m([38;5;28msorted[39m(group))
[32m    277[39m     datasets = combined_ids.values()
[32m--> [39m[32m278[39m     new_combined_ids[new_id] = [43m_combine_1d[49m[43m([49m
[32m    279[39m [43m        [49m[43mdatasets[49m[43m,[49m[43m [49m[43mdim[49m[43m,[49m[43m [49m[43mcompat[49m[43m,[49m[43m [49m[43mdata_vars[49m[43m,[49m[43m [49m[43mcoords[49m[43m,[49m[43m [49m[43mfill_value[49m[43m,[49m[43m [49m[43mjoin[49m[43m,[49m[43m [49m[43mcombine_attrs[49m
[32m    280[39m [43m    [49m[43m)[49m
[32m    281[39m [38;5;28;01mreturn[39;00m new_combined_ids

[36mFile [39m[32m~/micromamba/envs/kerchunk-cookbook/lib/python3.13/site-packages/xarray/structure/combine.py:301[39m, in [36m_combine_1d[39m[34m(datasets, concat_dim, compat, data_vars, coords, fill_value, join, combine_attrs)[39m
[32m    299[39m [38;5;28;01mif[39;00m concat_dim [38;5;129;01mis[39;00m [38;5;129;01mnot[39;00m [38;5;28;01mNone[39;00m:
[32m    300[39m     [38;5;28;01mtry[39;00m:
[32m--> [39m[32m301[39m         combined = [43mconcat[49m[43m([49m
[32m    302[39m [43m            [49m[43mdatasets[49m[43m,[49m
[32m    303[39m [43m            [49m[43mdim[49m[43m=[49m[43mconcat_dim[49m[43m,[49m
[32m    304[39m [43m            [49m[43mdata_vars[49m[43m=[49m[43mdata_vars[49m[43m,[49m
[32m    305[39m [43m            [49m[43mcoords[49m[43m=[49m[43mcoords[49m[43m,[49m
[32m    306[39m [43m            [49m[43mcompat[49m[43m=[49m[43mcompat[49m[43m,[49m
[32m    307[39m [43m            [49m[43mfill_value[49m[43m=[49m[43mfill_value[49m[43m,[49m
[32m    308[39m [43m            [49m[43mjoin[49m[43m=[49m[43mjoin[49m[43m,[49m
[32m    309[39m [43m            [49m[43mcombine_attrs[49m[43m=[49m[43mcombine_attrs[49m[43m,[49m
[32m    310[39m [43m        [49m[43m)[49m
[32m    311[39m     [38;5;28;01mexcept[39;00m [38;5;167;01mValueError[39;00m [38;5;28;01mas[39;00m err:
[32m    312[39m         [38;5;28;01mif[39;00m [33m"[39m[33mencountered unexpected variable[39m[33m"[39m [38;5;129;01min[39;00m [38;5;28mstr[39m(err):

[36mFile [39m[32m~/micromamba/envs/kerchunk-cookbook/lib/python3.13/site-packages/xarray/structure/concat.py:277[39m, in [36mconcat[39m[34m(objs, dim, data_vars, coords, compat, positions, fill_value, join, combine_attrs, create_index_for_new_dim)[39m
[32m    264[39m     [38;5;28;01mreturn[39;00m _dataarray_concat(
[32m    265[39m         objs,
[32m    266[39m         dim=dim,
[32m   (...)[39m[32m    274[39m         create_index_for_new_dim=create_index_for_new_dim,
[32m    275[39m     )
[32m    276[39m [38;5;28;01melif[39;00m [38;5;28misinstance[39m(first_obj, Dataset):
[32m--> [39m[32m277[39m     [38;5;28;01mreturn[39;00m [43m_dataset_concat[49m[43m([49m
[32m    278[39m [43m        [49m[43mobjs[49m[43m,[49m
[32m    279[39m [43m        [49m[43mdim[49m[43m=[49m[43mdim[49m[43m,[49m
[32m    280[39m [43m        [49m[43mdata_vars[49m[43m=[49m[43mdata_vars[49m[43m,[49m
[32m    281[39m [43m        [49m[43mcoords[49m[43m=[49m[43mcoords[49m[43m,[49m
[32m    282[39m [43m        [49m[43mcompat[49m[43m=[49m[43mcompat[49m[43m,[49m
[32m    283[39m [43m        [49m[43mpositions[49m[43m=[49m[43mpositions[49m[43m,[49m
[32m    284[39m [43m        [49m[43mfill_value[49m[43m=[49m[43mfill_value[49m[43m,[49m
[32m    285[39m [43m        [49m[43mjoin[49m[43m=[49m[43mjoin[49m[43m,[49m
[32m    286[39m [43m        [49m[43mcombine_attrs[49m[43m=[49m[43mcombine_attrs[49m[43m,[49m
[32m    287[39m [43m        [49m[43mcreate_index_for_new_dim[49m[43m=[49m[43mcreate_index_for_new_dim[49m[43m,[49m
[32m    288[39m [43m    [49m[43m)[49m
[32m    289[39m [38;5;28;01melse[39;00m:
[32m    290[39m     [38;5;28;01mraise[39;00m [38;5;167;01mTypeError[39;00m(
[32m    291[39m         [33m"[39m[33mcan only concatenate xarray Dataset and DataArray [39m[33m"[39m
[32m    292[39m         [33mf[39m[33m"[39m[33mobjects, got [39m[38;5;132;01m{[39;00m[38;5;28mtype[39m(first_obj)[38;5;132;01m}[39;00m[33m"[39m
[32m    293[39m     )

[36mFile [39m[32m~/micromamba/envs/kerchunk-cookbook/lib/python3.13/site-packages/xarray/structure/concat.py:676[39m, in [36m_dataset_concat[39m[34m(datasets, dim, data_vars, coords, compat, positions, fill_value, join, combine_attrs, create_index_for_new_dim)[39m
[32m    674[39m         result_vars[k] = v
[32m    675[39m [38;5;28;01melse[39;00m:
[32m--> [39m[32m676[39m     combined_var = [43mconcat_vars[49m[43m([49m
[32m    677[39m [43m        [49m[38;5;28;43mvars[39;49m[43m,[49m[43m [49m[43mdim_name[49m[43m,[49m[43m [49m[43mpositions[49m[43m,[49m[43m [49m[43mcombine_attrs[49m[43m=[49m[43mcombine_attrs[49m
[32m    678[39m [43m    [49m[43m)[49m
[32m    679[39m     [38;5;66;03m# reindex if variable is not present in all datasets[39;00m
[32m    680[39m     [38;5;28;01mif[39;00m [38;5;28mlen[39m(variable_index) < concat_index_size:

[36mFile [39m[32m~/micromamba/envs/kerchunk-cookbook/lib/python3.13/site-packages/xarray/core/variable.py:3018[39m, in [36mconcat[39m[34m(variables, dim, positions, shortcut, combine_attrs)[39m
[32m   2970[39m [38;5;28;01mdef[39;00m[38;5;250m [39m[34mconcat[39m(
[32m   2971[39m     variables,
[32m   2972[39m     dim=[33m"[39m[33mconcat_dim[39m[33m"[39m,
[32m   (...)[39m[32m   2975[39m     combine_attrs=[33m"[39m[33moverride[39m[33m"[39m,
[32m   2976[39m ):
[32m   2977[39m [38;5;250m    [39m[33;03m"""Concatenate variables along a new or existing dimension.[39;00m
[32m   2978[39m 
[32m   2979[39m [33;03m    Parameters[39;00m
[32m   (...)[39m[32m   3016[39m [33;03m        along the given dimension.[39;00m
[32m   3017[39m [33;03m    """[39;00m
[32m-> [39m[32m3018[39m     variables = [38;5;28;43mlist[39;49m[43m([49m[43mvariables[49m[43m)[49m
[32m   3019[39m     [38;5;28;01mif[39;00m [38;5;28mall[39m([38;5;28misinstance[39m(v, IndexVariable) [38;5;28;01mfor[39;00m v [38;5;129;01min[39;00m variables):
[32m   3020[39m         [38;5;28;01mreturn[39;00m IndexVariable.concat(variables, dim, positions, shortcut, combine_attrs)

[36mFile [39m[32m~/micromamba/envs/kerchunk-cookbook/lib/python3.13/site-packages/xarray/structure/concat.py:598[39m, in [36m_dataset_concat.<locals>.ensure_common_dims[39m[34m(vars, concat_dim_lengths)[39m
[32m    596[39m [38;5;28;01mif[39;00m var.dims != common_dims:
[32m    597[39m     common_shape = [38;5;28mtuple[39m(dims_sizes.get(d, dim_len) [38;5;28;01mfor[39;00m d [38;5;129;01min[39;00m common_dims)
[32m--> [39m[32m598[39m     var = [43mvar[49m[43m.[49m[43mset_dims[49m[43m([49m[43mcommon_dims[49m[43m,[49m[43m [49m[43mcommon_shape[49m[43m)[49m
[32m    599[39m [38;5;28;01myield[39;00m var

[36mFile [39m[32m~/micromamba/envs/kerchunk-cookbook/lib/python3.13/site-packages/xarray/util/deprecation_helpers.py:143[39m, in [36mdeprecate_dims.<locals>.wrapper[39m[34m(*args, **kwargs)[39m
[32m    135[39m     emit_user_level_warning(
[32m    136[39m         [33mf[39m[33m"[39m[33mThe `[39m[38;5;132;01m{[39;00mold_name[38;5;132;01m}[39;00m[33m` argument has been renamed to `dim`, and will be removed [39m[33m"[39m
[32m    137[39m         [33m"[39m[33min the future. This renaming is taking place throughout xarray over the [39m[33m"[39m
[32m   (...)[39m[32m    140[39m         [38;5;167;01mPendingDeprecationWarning[39;00m,
[32m    141[39m     )
[32m    142[39m     kwargs[[33m"[39m[33mdim[39m[33m"[39m] = kwargs.pop(old_name)
[32m--> [39m[32m143[39m [38;5;28;01mreturn[39;00m [43mfunc[49m[43m([49m[43m*[49m[43margs[49m[43m,[49m[43m [49m[43m*[49m[43m*[49m[43mkwargs[49m[43m)[49m

[36mFile [39m[32m~/micromamba/envs/kerchunk-cookbook/lib/python3.13/site-packages/xarray/core/variable.py:1395[39m, in [36mVariable.set_dims[39m[34m(self, dim, shape)[39m
[32m   1388[39m [38;5;28;01melif[39;00m shape [38;5;129;01mis[39;00m [38;5;28;01mNone[39;00m [38;5;129;01mor[39;00m [38;5;28mall[39m(
[32m   1389[39m     s == [32m1[39m [38;5;28;01mfor[39;00m s, e [38;5;129;01min[39;00m [38;5;28mzip[39m(shape, dim, strict=[38;5;28;01mTrue[39;00m) [38;5;28;01mif[39;00m e [38;5;129;01mnot[39;00m [38;5;129;01min[39;00m self_dims
[32m   1390[39m ):
[32m   1391[39m     [38;5;66;03m# "Trivial" broadcasting, i.e. simply inserting a new dimension[39;00m
[32m   1392[39m     [38;5;66;03m# This is typically easier for duck arrays to implement[39;00m
[32m   1393[39m     [38;5;66;03m# than the full "broadcast_to" semantics[39;00m
[32m   1394[39m     indexer = ([38;5;28;01mNone[39;00m,) * ([38;5;28mlen[39m(expanded_dims) - [38;5;28mself[39m.ndim) + (...,)
[32m-> [39m[32m1395[39m     expanded_data = [38;5;28;43mself[39;49m[43m.[49m[43mdata[49m[43m[[49m[43mindexer[49m[43m][49m
[32m   1396[39m [38;5;28;01melse[39;00m:  [38;5;66;03m# elif shape is not None:[39;00m
[32m   1397[39m     dims_map = [38;5;28mdict[39m([38;5;28mzip[39m(dim, shape, strict=[38;5;28;01mTrue[39;00m))

[36mFile [39m[32m~/micromamba/envs/kerchunk-cookbook/lib/python3.13/site-packages/virtualizarr/manifests/array.py:215[39m, in [36mManifestArray.__getitem__[39m[34m(self, key)[39m
[32m    212[39m indexer = _possibly_expand_trailing_ellipsis(key, [38;5;28mself[39m.ndim)
[32m    214[39m [38;5;28;01mif[39;00m [38;5;28mlen[39m(indexer) != [38;5;28mself[39m.ndim:
[32m--> [39m[32m215[39m     [38;5;28;01mraise[39;00m [38;5;167;01mValueError[39;00m(
[32m    216[39m         [33mf[39m[33m"[39m[33mInvalid indexer for array with ndim=[39m[38;5;132;01m{[39;00m[38;5;28mself[39m.ndim[38;5;132;01m}[39;00m[33m: [39m[38;5;132;01m{[39;00mindexer[38;5;132;01m}[39;00m[33m"[39m
[32m    217[39m     )
[32m    219[39m [38;5;28;01mif[39;00m [38;5;28mall[39m(
[32m    220[39m     [38;5;28misinstance[39m(axis_indexer, [38;5;28mslice[39m) [38;5;129;01mand[39;00m axis_indexer == [38;5;28mslice[39m([38;5;28;01mNone[39;00m)
[32m    221[39m     [38;5;28;01mfor[39;00m axis_indexer [38;5;129;01min[39;00m indexer
[32m    222[39m ):
[32m    223[39m     [38;5;66;03m# indexer is all slice(None)'s, so this is a no-op[39;00m
[32m    224[39m     [38;5;28;01mreturn[39;00m [38;5;28mself[39m

[31mValueError[39m: Invalid indexer for array with ndim=0: (None,)

